0 info it worked if it ends with ok
1 verbose cli [ 'c:\\Program Files\\nodejs\\node.exe',
1 verbose cli   'c:\\Users\\lenovo\\AppData\\Roaming\\npm\\node_modules\\npm\\bin\\npm-cli.js',
1 verbose cli   'publish' ]
2 info using npm@2.7.1
3 info using node@v0.12.0
4 verbose publish [ '.' ]
5 silly cache add args [ '.', null ]
6 verbose cache add spec .
7 silly cache add parsed spec { raw: '.',
7 silly cache add   scope: null,
7 silly cache add   name: null,
7 silly cache add   rawSpec: '.',
7 silly cache add   spec: 'd:\\Proyectos\\Git\\VortexJS',
7 silly cache add   type: 'directory' }
8 verbose addLocalDirectory C:\Users\lenovo\AppData\Roaming\npm-cache\vortexjs\0.0.28\package.tgz not in flight; packing
9 verbose tar pack [ 'C:\\Users\\lenovo\\AppData\\Roaming\\npm-cache\\vortexjs\\0.0.28\\package.tgz',
9 verbose tar pack   'd:\\Proyectos\\Git\\VortexJS' ]
10 verbose tarball C:\Users\lenovo\AppData\Roaming\npm-cache\vortexjs\0.0.28\package.tgz
11 verbose folder d:\Proyectos\Git\VortexJS
12 info prepublish vortexjs@0.0.28
13 verbose addLocalTarball adding from inside cache C:\Users\lenovo\AppData\Roaming\npm-cache\vortexjs\0.0.28\package.tgz
14 silly cache afterAdd vortexjs@0.0.28
15 verbose afterAdd C:\Users\lenovo\AppData\Roaming\npm-cache\vortexjs\0.0.28\package\package.json not in flight; writing
16 verbose afterAdd C:\Users\lenovo\AppData\Roaming\npm-cache\vortexjs\0.0.28\package\package.json written
17 silly publish { name: 'vortexjs',
17 silly publish   version: '0.0.28',
17 silly publish   description: 'Port de Vortex a Javascript ',
17 silly publish   main: 'Vortex.js',
17 silly publish   scripts: { test: 'echo "Error: no test specified" && exit 1' },
17 silly publish   repository: { type: 'git', url: 'https://github.com/jlurgo/VortexJS.git' },
17 silly publish   dependencies: { 'underscore-node': '*' },
17 silly publish   author: { name: 'Vortex Group' },
17 silly publish   license: 'Creative Commons',
17 silly publish   bugs: { url: 'https://github.com/jlurgo/VortexJS/issues' },
17 silly publish   gitHead: '96537b36c96b343ce89aaa2301d7fa63b608fad4',
17 silly publish   readme: 'ERROR: No README data found!',
17 silly publish   homepage: 'https://github.com/jlurgo/VortexJS',
17 silly publish   _id: 'vortexjs@0.0.28',
17 silly publish   _shasum: '8c2d241ec8165f020dc91caecad6eb5f9103376a',
17 silly publish   _from: '.' }
18 silly mapToRegistry name vortexjs
19 silly mapToRegistry using default registry
20 silly mapToRegistry registry https://registry.npmjs.org/
21 silly mapToRegistry uri https://registry.npmjs.org/vortexjs
22 verbose publish registryBase https://registry.npmjs.org/
23 silly publish uploading C:\Users\lenovo\AppData\Roaming\npm-cache\vortexjs\0.0.28\package.tgz
24 verbose request uri https://registry.npmjs.org/vortexjs
25 verbose request sending authorization for write operation
26 info attempt registry request try #1 at 17:57:52
27 verbose request id 45243255c5d29aa6
28 http request PUT https://registry.npmjs.org/vortexjs
29 http 409 https://registry.npmjs.org/vortexjs
30 verbose headers { date: 'Fri, 27 Mar 2015 20:57:45 GMT',
30 verbose headers   server: 'Apache',
30 verbose headers   'content-type': 'application/json',
30 verbose headers   'cache-control': 'max-age=60',
30 verbose headers   'content-length': '17',
30 verbose headers   'accept-ranges': 'bytes',
30 verbose headers   via: '1.1 varnish',
30 verbose headers   'x-served-by': 'cache-ord1728-ORD',
30 verbose headers   'x-cache': 'MISS',
30 verbose headers   'x-cache-hits': '0',
30 verbose headers   'x-timer': 'S1427489862.368021,VS0,VE3189',
30 verbose headers   'keep-alive': 'timeout=10, max=50',
30 verbose headers   connection: 'Keep-Alive' }
31 verbose request invalidating C:\Users\lenovo\AppData\Roaming\npm-cache\registry.npmjs.org\vortexjs on PUT
32 verbose request uri https://registry.npmjs.org/vortexjs?write=true
33 verbose request no auth needed
34 info attempt registry request try #1 at 17:57:58
35 http request GET https://registry.npmjs.org/vortexjs?write=true
36 http 200 https://registry.npmjs.org/vortexjs?write=true
37 verbose stack Error: cannot modify pre-existing version
37 verbose stack     at conflictError (c:\Users\lenovo\AppData\Roaming\npm\node_modules\npm\node_modules\npm-registry-client\lib\publish.js:184:11)
37 verbose stack     at CachingRegistryClient.putNext (c:\Users\lenovo\AppData\Roaming\npm\node_modules\npm\node_modules\npm-registry-client\lib\publish.js:147:15)
37 verbose stack     at c:\Users\lenovo\AppData\Roaming\npm\node_modules\npm\node_modules\npm-registry-client\lib\publish.js:129:15
37 verbose stack     at c:\Users\lenovo\AppData\Roaming\npm\node_modules\npm\lib\cache\caching-client.js:52:8
37 verbose stack     at f (c:\Users\lenovo\AppData\Roaming\npm\node_modules\npm\node_modules\once\once.js:17:25)
37 verbose stack     at c:\Users\lenovo\AppData\Roaming\npm\node_modules\npm\node_modules\npm-registry-client\lib\request.js:73:16
37 verbose stack     at f (c:\Users\lenovo\AppData\Roaming\npm\node_modules\npm\node_modules\once\once.js:17:25)
37 verbose stack     at CachingRegistryClient.<anonymous> (c:\Users\lenovo\AppData\Roaming\npm\node_modules\npm\node_modules\npm-registry-client\lib\request.js:262:12)
37 verbose stack     at Request._callback (c:\Users\lenovo\AppData\Roaming\npm\node_modules\npm\node_modules\npm-registry-client\lib\request.js:178:14)
37 verbose stack     at Request.self.callback (c:\Users\lenovo\AppData\Roaming\npm\node_modules\npm\node_modules\request\request.js:344:22)
38 verbose pkgid vortexjs
39 verbose cwd d:\Proyectos\Git\VortexJS
40 error Windows_NT 6.1.7601
41 error argv "c:\\Program Files\\nodejs\\node.exe" "c:\\Users\\lenovo\\AppData\\Roaming\\npm\\node_modules\\npm\\bin\\npm-cli.js" "publish"
42 error node v0.12.0
43 error npm  v2.7.1
44 error code EPUBLISHCONFLICT
45 error publish fail Cannot publish over existing version.
45 error publish fail Update the 'version' field in package.json and try again.
45 error publish fail
45 error publish fail To automatically increment version numbers, see:
45 error publish fail     npm help version
46 verbose exit [ 1, true ]
